
************************************************************
This copy of Stardog is licensed to ray (raymondino.yan@hotmail.com), RPI
This is a Community license
This license does not expire.
************************************************************

                                                             :;   
                                      ;;                   `;`:   
  `'+',    ::                        `++                    `;:`  
 +###++,  ,#+                        `++                    .     
 ##+.,',  '#+                         ++                     +    
,##      ####++  ####+:   ##,++` .###+++   .####+    ####++++#    
`##+     ####+'  ##+#++   ###++``###'+++  `###'+++  ###`,++,:     
 ####+    ##+        ++.  ##:   ###  `++  ###  `++` ##`  ++:      
  ###++,  ##+        ++,  ##`   ##;  `++  ##:   ++; ##,  ++:      
    ;+++  ##+    ####++,  ##`   ##:  `++  ##:   ++' ;##'#++       
     ;++  ##+   ###  ++,  ##`   ##'  `++  ##;   ++:  ####+        
,.   +++  ##+   ##:  ++,  ##`   ###  `++  ###  .++  '#;           
,####++'  +##++ ###+#+++` ##`   :####+++  `####++'  ;####++`      
`####+;    ##++  ###+,++` ##`    ;###:++   `###+;   `###++++      
                                                    ##   `++      
                                                   .##   ;++      
                                                    #####++`      
                                                     `;;;.        
************************************************************


Stardog server 4.2.2 started on Sat Jan 07 12:29:21 EST 2017.

Stardog server is listening on all network interfaces.
HTTP server available at http://localhost:5820.

STARDOG_HOME=/home/rui/stardog-4.2.2/bin/.. 

